<?xml version="1.0" encoding="UTF-8"?>
<testsuite xmlns:xsi="http://www.w3.org/2001/XMLSchema-instance" xsi:noNamespaceSchemaLocation="https://maven.apache.org/surefire/maven-surefire-plugin/xsd/surefire-test-report.xsd" name="com.example.demo02.Demo02ApplicationTests" time="10.84" tests="1" errors="0" skipped="0" failures="0">
  <properties>
    <property name="java.specification.version" value="14"/>
    <property name="sun.cpu.isalist" value="amd64"/>
    <property name="sun.jnu.encoding" value="GBK"/>
    <property name="java.class.path" value="D:\Software\IDEA\workspace\springboot\demo02\target\test-classes;D:\Software\IDEA\workspace\springboot\demo02\target\classes;D:\BaiduNetdiskDownload\apache-maven-3.8.2\mvn_repository\org\springframework\boot\spring-boot-starter-web\2.6.1\spring-boot-starter-web-2.6.1.jar;D:\BaiduNetdiskDownload\apache-maven-3.8.2\mvn_repository\org\springframework\boot\spring-boot-starter\2.6.1\spring-boot-starter-2.6.1.jar;D:\BaiduNetdiskDownload\apache-maven-3.8.2\mvn_repository\org\springframework\boot\spring-boot\2.6.1\spring-boot-2.6.1.jar;D:\BaiduNetdiskDownload\apache-maven-3.8.2\mvn_repository\org\springframework\boot\spring-boot-autoconfigure\2.6.1\spring-boot-autoconfigure-2.6.1.jar;D:\BaiduNetdiskDownload\apache-maven-3.8.2\mvn_repository\org\springframework\boot\spring-boot-starter-logging\2.6.1\spring-boot-starter-logging-2.6.1.jar;D:\BaiduNetdiskDownload\apache-maven-3.8.2\mvn_repository\ch\qos\logback\logback-classic\1.2.7\logback-classic-1.2.7.jar;D:\BaiduNetdiskDownload\apache-maven-3.8.2\mvn_repository\ch\qos\logback\logback-core\1.2.7\logback-core-1.2.7.jar;D:\BaiduNetdiskDownload\apache-maven-3.8.2\mvn_repository\org\apache\logging\log4j\log4j-to-slf4j\2.14.1\log4j-to-slf4j-2.14.1.jar;D:\BaiduNetdiskDownload\apache-maven-3.8.2\mvn_repository\org\apache\logging\log4j\log4j-api\2.14.1\log4j-api-2.14.1.jar;D:\BaiduNetdiskDownload\apache-maven-3.8.2\mvn_repository\org\slf4j\jul-to-slf4j\1.7.32\jul-to-slf4j-1.7.32.jar;D:\BaiduNetdiskDownload\apache-maven-3.8.2\mvn_repository\jakarta\annotation\jakarta.annotation-api\1.3.5\jakarta.annotation-api-1.3.5.jar;D:\BaiduNetdiskDownload\apache-maven-3.8.2\mvn_repository\org\yaml\snakeyaml\1.29\snakeyaml-1.29.jar;D:\BaiduNetdiskDownload\apache-maven-3.8.2\mvn_repository\org\springframework\boot\spring-boot-starter-json\2.6.1\spring-boot-starter-json-2.6.1.jar;D:\BaiduNetdiskDownload\apache-maven-3.8.2\mvn_repository\com\fasterxml\jackson\core\jackson-databind\2.13.0\jackson-databind-2.13.0.jar;D:\BaiduNetdiskDownload\apache-maven-3.8.2\mvn_repository\com\fasterxml\jackson\core\jackson-annotations\2.13.0\jackson-annotations-2.13.0.jar;D:\BaiduNetdiskDownload\apache-maven-3.8.2\mvn_repository\com\fasterxml\jackson\core\jackson-core\2.13.0\jackson-core-2.13.0.jar;D:\BaiduNetdiskDownload\apache-maven-3.8.2\mvn_repository\com\fasterxml\jackson\datatype\jackson-datatype-jdk8\2.13.0\jackson-datatype-jdk8-2.13.0.jar;D:\BaiduNetdiskDownload\apache-maven-3.8.2\mvn_repository\com\fasterxml\jackson\datatype\jackson-datatype-jsr310\2.13.0\jackson-datatype-jsr310-2.13.0.jar;D:\BaiduNetdiskDownload\apache-maven-3.8.2\mvn_repository\com\fasterxml\jackson\module\jackson-module-parameter-names\2.13.0\jackson-module-parameter-names-2.13.0.jar;D:\BaiduNetdiskDownload\apache-maven-3.8.2\mvn_repository\org\springframework\boot\spring-boot-starter-tomcat\2.6.1\spring-boot-starter-tomcat-2.6.1.jar;D:\BaiduNetdiskDownload\apache-maven-3.8.2\mvn_repository\org\apache\tomcat\embed\tomcat-embed-core\9.0.55\tomcat-embed-core-9.0.55.jar;D:\BaiduNetdiskDownload\apache-maven-3.8.2\mvn_repository\org\apache\tomcat\embed\tomcat-embed-el\9.0.55\tomcat-embed-el-9.0.55.jar;D:\BaiduNetdiskDownload\apache-maven-3.8.2\mvn_repository\org\apache\tomcat\embed\tomcat-embed-websocket\9.0.55\tomcat-embed-websocket-9.0.55.jar;D:\BaiduNetdiskDownload\apache-maven-3.8.2\mvn_repository\org\springframework\spring-web\5.3.13\spring-web-5.3.13.jar;D:\BaiduNetdiskDownload\apache-maven-3.8.2\mvn_repository\org\springframework\spring-beans\5.3.13\spring-beans-5.3.13.jar;D:\BaiduNetdiskDownload\apache-maven-3.8.2\mvn_repository\org\springframework\spring-webmvc\5.3.13\spring-webmvc-5.3.13.jar;D:\BaiduNetdiskDownload\apache-maven-3.8.2\mvn_repository\org\springframework\spring-aop\5.3.13\spring-aop-5.3.13.jar;D:\BaiduNetdiskDownload\apache-maven-3.8.2\mvn_repository\org\springframework\spring-context\5.3.13\spring-context-5.3.13.jar;D:\BaiduNetdiskDownload\apache-maven-3.8.2\mvn_repository\org\springframework\spring-expression\5.3.13\spring-expression-5.3.13.jar;D:\BaiduNetdiskDownload\apache-maven-3.8.2\mvn_repository\org\projectlombok\lombok\1.18.20\lombok-1.18.20.jar;D:\BaiduNetdiskDownload\apache-maven-3.8.2\mvn_repository\com\squareup\okhttp3\okhttp\4.9.1\okhttp-4.9.1.jar;D:\BaiduNetdiskDownload\apache-maven-3.8.2\mvn_repository\com\squareup\okio\okio\2.8.0\okio-2.8.0.jar;D:\BaiduNetdiskDownload\apache-maven-3.8.2\mvn_repository\org\jetbrains\kotlin\kotlin-stdlib-common\1.6.0\kotlin-stdlib-common-1.6.0.jar;D:\BaiduNetdiskDownload\apache-maven-3.8.2\mvn_repository\org\jetbrains\kotlin\kotlin-stdlib\1.6.0\kotlin-stdlib-1.6.0.jar;D:\BaiduNetdiskDownload\apache-maven-3.8.2\mvn_repository\org\jetbrains\annotations\13.0\annotations-13.0.jar;D:\BaiduNetdiskDownload\apache-maven-3.8.2\mvn_repository\javax\servlet\jstl\1.2\jstl-1.2.jar;D:\BaiduNetdiskDownload\apache-maven-3.8.2\mvn_repository\com\google\code\gson\gson\2.8.5\gson-2.8.5.jar;D:\BaiduNetdiskDownload\apache-maven-3.8.2\mvn_repository\org\springframework\boot\spring-boot-starter-test\2.6.1\spring-boot-starter-test-2.6.1.jar;D:\BaiduNetdiskDownload\apache-maven-3.8.2\mvn_repository\org\springframework\boot\spring-boot-test\2.6.1\spring-boot-test-2.6.1.jar;D:\BaiduNetdiskDownload\apache-maven-3.8.2\mvn_repository\org\springframework\boot\spring-boot-test-autoconfigure\2.6.1\spring-boot-test-autoconfigure-2.6.1.jar;D:\BaiduNetdiskDownload\apache-maven-3.8.2\mvn_repository\com\jayway\jsonpath\json-path\2.6.0\json-path-2.6.0.jar;D:\BaiduNetdiskDownload\apache-maven-3.8.2\mvn_repository\net\minidev\json-smart\2.4.7\json-smart-2.4.7.jar;D:\BaiduNetdiskDownload\apache-maven-3.8.2\mvn_repository\net\minidev\accessors-smart\2.4.7\accessors-smart-2.4.7.jar;D:\BaiduNetdiskDownload\apache-maven-3.8.2\mvn_repository\org\ow2\asm\asm\9.1\asm-9.1.jar;D:\BaiduNetdiskDownload\apache-maven-3.8.2\mvn_repository\org\slf4j\slf4j-api\1.7.32\slf4j-api-1.7.32.jar;D:\BaiduNetdiskDownload\apache-maven-3.8.2\mvn_repository\jakarta\xml\bind\jakarta.xml.bind-api\2.3.3\jakarta.xml.bind-api-2.3.3.jar;D:\BaiduNetdiskDownload\apache-maven-3.8.2\mvn_repository\jakarta\activation\jakarta.activation-api\1.2.2\jakarta.activation-api-1.2.2.jar;D:\BaiduNetdiskDownload\apache-maven-3.8.2\mvn_repository\org\assertj\assertj-core\3.21.0\assertj-core-3.21.0.jar;D:\BaiduNetdiskDownload\apache-maven-3.8.2\mvn_repository\org\hamcrest\hamcrest\2.2\hamcrest-2.2.jar;D:\BaiduNetdiskDownload\apache-maven-3.8.2\mvn_repository\org\junit\jupiter\junit-jupiter\5.8.1\junit-jupiter-5.8.1.jar;D:\BaiduNetdiskDownload\apache-maven-3.8.2\mvn_repository\org\junit\jupiter\junit-jupiter-api\5.8.1\junit-jupiter-api-5.8.1.jar;D:\BaiduNetdiskDownload\apache-maven-3.8.2\mvn_repository\org\opentest4j\opentest4j\1.2.0\opentest4j-1.2.0.jar;D:\BaiduNetdiskDownload\apache-maven-3.8.2\mvn_repository\org\junit\platform\junit-platform-commons\1.8.1\junit-platform-commons-1.8.1.jar;D:\BaiduNetdiskDownload\apache-maven-3.8.2\mvn_repository\org\apiguardian\apiguardian-api\1.1.2\apiguardian-api-1.1.2.jar;D:\BaiduNetdiskDownload\apache-maven-3.8.2\mvn_repository\org\junit\jupiter\junit-jupiter-params\5.8.1\junit-jupiter-params-5.8.1.jar;D:\BaiduNetdiskDownload\apache-maven-3.8.2\mvn_repository\org\junit\jupiter\junit-jupiter-engine\5.8.1\junit-jupiter-engine-5.8.1.jar;D:\BaiduNetdiskDownload\apache-maven-3.8.2\mvn_repository\org\junit\platform\junit-platform-engine\1.8.1\junit-platform-engine-1.8.1.jar;D:\BaiduNetdiskDownload\apache-maven-3.8.2\mvn_repository\org\mockito\mockito-core\4.0.0\mockito-core-4.0.0.jar;D:\BaiduNetdiskDownload\apache-maven-3.8.2\mvn_repository\net\bytebuddy\byte-buddy\1.11.22\byte-buddy-1.11.22.jar;D:\BaiduNetdiskDownload\apache-maven-3.8.2\mvn_repository\net\bytebuddy\byte-buddy-agent\1.11.22\byte-buddy-agent-1.11.22.jar;D:\BaiduNetdiskDownload\apache-maven-3.8.2\mvn_repository\org\objenesis\objenesis\3.2\objenesis-3.2.jar;D:\BaiduNetdiskDownload\apache-maven-3.8.2\mvn_repository\org\mockito\mockito-junit-jupiter\4.0.0\mockito-junit-jupiter-4.0.0.jar;D:\BaiduNetdiskDownload\apache-maven-3.8.2\mvn_repository\org\skyscreamer\jsonassert\1.5.0\jsonassert-1.5.0.jar;D:\BaiduNetdiskDownload\apache-maven-3.8.2\mvn_repository\com\vaadin\external\google\android-json\0.0.20131108.vaadin1\android-json-0.0.20131108.vaadin1.jar;D:\BaiduNetdiskDownload\apache-maven-3.8.2\mvn_repository\org\springframework\spring-core\5.3.13\spring-core-5.3.13.jar;D:\BaiduNetdiskDownload\apache-maven-3.8.2\mvn_repository\org\springframework\spring-jcl\5.3.13\spring-jcl-5.3.13.jar;D:\BaiduNetdiskDownload\apache-maven-3.8.2\mvn_repository\org\springframework\spring-test\5.3.13\spring-test-5.3.13.jar;D:\BaiduNetdiskDownload\apache-maven-3.8.2\mvn_repository\org\xmlunit\xmlunit-core\2.8.3\xmlunit-core-2.8.3.jar;"/>
    <property name="java.vm.vendor" value="Oracle Corporation"/>
    <property name="sun.arch.data.model" value="64"/>
    <property name="user.variant" value=""/>
    <property name="java.vendor.url" value="https://java.oracle.com/"/>
    <property name="user.timezone" value="Asia/Shanghai"/>
    <property name="os.name" value="Windows 10"/>
    <property name="java.vm.specification.version" value="14"/>
    <property name="sun.java.launcher" value="SUN_STANDARD"/>
    <property name="user.country" value="CN"/>
    <property name="sun.boot.library.path" value="D:\Software\IDEA\JDK\bin"/>
    <property name="sun.java.command" value="C:\Users\13120\AppData\Local\Temp\surefire6286331675049979571\surefirebooter7489343824314469491.jar C:\Users\13120\AppData\Local\Temp\surefire6286331675049979571 2021-12-20T21-01-59_240-jvmRun1 surefire12097306850141573367tmp surefire_014300816060041670588tmp"/>
    <property name="jdk.debug" value="release"/>
    <property name="surefire.test.class.path" value="D:\Software\IDEA\workspace\springboot\demo02\target\test-classes;D:\Software\IDEA\workspace\springboot\demo02\target\classes;D:\BaiduNetdiskDownload\apache-maven-3.8.2\mvn_repository\org\springframework\boot\spring-boot-starter-web\2.6.1\spring-boot-starter-web-2.6.1.jar;D:\BaiduNetdiskDownload\apache-maven-3.8.2\mvn_repository\org\springframework\boot\spring-boot-starter\2.6.1\spring-boot-starter-2.6.1.jar;D:\BaiduNetdiskDownload\apache-maven-3.8.2\mvn_repository\org\springframework\boot\spring-boot\2.6.1\spring-boot-2.6.1.jar;D:\BaiduNetdiskDownload\apache-maven-3.8.2\mvn_repository\org\springframework\boot\spring-boot-autoconfigure\2.6.1\spring-boot-autoconfigure-2.6.1.jar;D:\BaiduNetdiskDownload\apache-maven-3.8.2\mvn_repository\org\springframework\boot\spring-boot-starter-logging\2.6.1\spring-boot-starter-logging-2.6.1.jar;D:\BaiduNetdiskDownload\apache-maven-3.8.2\mvn_repository\ch\qos\logback\logback-classic\1.2.7\logback-classic-1.2.7.jar;D:\BaiduNetdiskDownload\apache-maven-3.8.2\mvn_repository\ch\qos\logback\logback-core\1.2.7\logback-core-1.2.7.jar;D:\BaiduNetdiskDownload\apache-maven-3.8.2\mvn_repository\org\apache\logging\log4j\log4j-to-slf4j\2.14.1\log4j-to-slf4j-2.14.1.jar;D:\BaiduNetdiskDownload\apache-maven-3.8.2\mvn_repository\org\apache\logging\log4j\log4j-api\2.14.1\log4j-api-2.14.1.jar;D:\BaiduNetdiskDownload\apache-maven-3.8.2\mvn_repository\org\slf4j\jul-to-slf4j\1.7.32\jul-to-slf4j-1.7.32.jar;D:\BaiduNetdiskDownload\apache-maven-3.8.2\mvn_repository\jakarta\annotation\jakarta.annotation-api\1.3.5\jakarta.annotation-api-1.3.5.jar;D:\BaiduNetdiskDownload\apache-maven-3.8.2\mvn_repository\org\yaml\snakeyaml\1.29\snakeyaml-1.29.jar;D:\BaiduNetdiskDownload\apache-maven-3.8.2\mvn_repository\org\springframework\boot\spring-boot-starter-json\2.6.1\spring-boot-starter-json-2.6.1.jar;D:\BaiduNetdiskDownload\apache-maven-3.8.2\mvn_repository\com\fasterxml\jackson\core\jackson-databind\2.13.0\jackson-databind-2.13.0.jar;D:\BaiduNetdiskDownload\apache-maven-3.8.2\mvn_repository\com\fasterxml\jackson\core\jackson-annotations\2.13.0\jackson-annotations-2.13.0.jar;D:\BaiduNetdiskDownload\apache-maven-3.8.2\mvn_repository\com\fasterxml\jackson\core\jackson-core\2.13.0\jackson-core-2.13.0.jar;D:\BaiduNetdiskDownload\apache-maven-3.8.2\mvn_repository\com\fasterxml\jackson\datatype\jackson-datatype-jdk8\2.13.0\jackson-datatype-jdk8-2.13.0.jar;D:\BaiduNetdiskDownload\apache-maven-3.8.2\mvn_repository\com\fasterxml\jackson\datatype\jackson-datatype-jsr310\2.13.0\jackson-datatype-jsr310-2.13.0.jar;D:\BaiduNetdiskDownload\apache-maven-3.8.2\mvn_repository\com\fasterxml\jackson\module\jackson-module-parameter-names\2.13.0\jackson-module-parameter-names-2.13.0.jar;D:\BaiduNetdiskDownload\apache-maven-3.8.2\mvn_repository\org\springframework\boot\spring-boot-starter-tomcat\2.6.1\spring-boot-starter-tomcat-2.6.1.jar;D:\BaiduNetdiskDownload\apache-maven-3.8.2\mvn_repository\org\apache\tomcat\embed\tomcat-embed-core\9.0.55\tomcat-embed-core-9.0.55.jar;D:\BaiduNetdiskDownload\apache-maven-3.8.2\mvn_repository\org\apache\tomcat\embed\tomcat-embed-el\9.0.55\tomcat-embed-el-9.0.55.jar;D:\BaiduNetdiskDownload\apache-maven-3.8.2\mvn_repository\org\apache\tomcat\embed\tomcat-embed-websocket\9.0.55\tomcat-embed-websocket-9.0.55.jar;D:\BaiduNetdiskDownload\apache-maven-3.8.2\mvn_repository\org\springframework\spring-web\5.3.13\spring-web-5.3.13.jar;D:\BaiduNetdiskDownload\apache-maven-3.8.2\mvn_repository\org\springframework\spring-beans\5.3.13\spring-beans-5.3.13.jar;D:\BaiduNetdiskDownload\apache-maven-3.8.2\mvn_repository\org\springframework\spring-webmvc\5.3.13\spring-webmvc-5.3.13.jar;D:\BaiduNetdiskDownload\apache-maven-3.8.2\mvn_repository\org\springframework\spring-aop\5.3.13\spring-aop-5.3.13.jar;D:\BaiduNetdiskDownload\apache-maven-3.8.2\mvn_repository\org\springframework\spring-context\5.3.13\spring-context-5.3.13.jar;D:\BaiduNetdiskDownload\apache-maven-3.8.2\mvn_repository\org\springframework\spring-expression\5.3.13\spring-expression-5.3.13.jar;D:\BaiduNetdiskDownload\apache-maven-3.8.2\mvn_repository\org\projectlombok\lombok\1.18.20\lombok-1.18.20.jar;D:\BaiduNetdiskDownload\apache-maven-3.8.2\mvn_repository\com\squareup\okhttp3\okhttp\4.9.1\okhttp-4.9.1.jar;D:\BaiduNetdiskDownload\apache-maven-3.8.2\mvn_repository\com\squareup\okio\okio\2.8.0\okio-2.8.0.jar;D:\BaiduNetdiskDownload\apache-maven-3.8.2\mvn_repository\org\jetbrains\kotlin\kotlin-stdlib-common\1.6.0\kotlin-stdlib-common-1.6.0.jar;D:\BaiduNetdiskDownload\apache-maven-3.8.2\mvn_repository\org\jetbrains\kotlin\kotlin-stdlib\1.6.0\kotlin-stdlib-1.6.0.jar;D:\BaiduNetdiskDownload\apache-maven-3.8.2\mvn_repository\org\jetbrains\annotations\13.0\annotations-13.0.jar;D:\BaiduNetdiskDownload\apache-maven-3.8.2\mvn_repository\javax\servlet\jstl\1.2\jstl-1.2.jar;D:\BaiduNetdiskDownload\apache-maven-3.8.2\mvn_repository\com\google\code\gson\gson\2.8.5\gson-2.8.5.jar;D:\BaiduNetdiskDownload\apache-maven-3.8.2\mvn_repository\org\springframework\boot\spring-boot-starter-test\2.6.1\spring-boot-starter-test-2.6.1.jar;D:\BaiduNetdiskDownload\apache-maven-3.8.2\mvn_repository\org\springframework\boot\spring-boot-test\2.6.1\spring-boot-test-2.6.1.jar;D:\BaiduNetdiskDownload\apache-maven-3.8.2\mvn_repository\org\springframework\boot\spring-boot-test-autoconfigure\2.6.1\spring-boot-test-autoconfigure-2.6.1.jar;D:\BaiduNetdiskDownload\apache-maven-3.8.2\mvn_repository\com\jayway\jsonpath\json-path\2.6.0\json-path-2.6.0.jar;D:\BaiduNetdiskDownload\apache-maven-3.8.2\mvn_repository\net\minidev\json-smart\2.4.7\json-smart-2.4.7.jar;D:\BaiduNetdiskDownload\apache-maven-3.8.2\mvn_repository\net\minidev\accessors-smart\2.4.7\accessors-smart-2.4.7.jar;D:\BaiduNetdiskDownload\apache-maven-3.8.2\mvn_repository\org\ow2\asm\asm\9.1\asm-9.1.jar;D:\BaiduNetdiskDownload\apache-maven-3.8.2\mvn_repository\org\slf4j\slf4j-api\1.7.32\slf4j-api-1.7.32.jar;D:\BaiduNetdiskDownload\apache-maven-3.8.2\mvn_repository\jakarta\xml\bind\jakarta.xml.bind-api\2.3.3\jakarta.xml.bind-api-2.3.3.jar;D:\BaiduNetdiskDownload\apache-maven-3.8.2\mvn_repository\jakarta\activation\jakarta.activation-api\1.2.2\jakarta.activation-api-1.2.2.jar;D:\BaiduNetdiskDownload\apache-maven-3.8.2\mvn_repository\org\assertj\assertj-core\3.21.0\assertj-core-3.21.0.jar;D:\BaiduNetdiskDownload\apache-maven-3.8.2\mvn_repository\org\hamcrest\hamcrest\2.2\hamcrest-2.2.jar;D:\BaiduNetdiskDownload\apache-maven-3.8.2\mvn_repository\org\junit\jupiter\junit-jupiter\5.8.1\junit-jupiter-5.8.1.jar;D:\BaiduNetdiskDownload\apache-maven-3.8.2\mvn_repository\org\junit\jupiter\junit-jupiter-api\5.8.1\junit-jupiter-api-5.8.1.jar;D:\BaiduNetdiskDownload\apache-maven-3.8.2\mvn_repository\org\opentest4j\opentest4j\1.2.0\opentest4j-1.2.0.jar;D:\BaiduNetdiskDownload\apache-maven-3.8.2\mvn_repository\org\junit\platform\junit-platform-commons\1.8.1\junit-platform-commons-1.8.1.jar;D:\BaiduNetdiskDownload\apache-maven-3.8.2\mvn_repository\org\apiguardian\apiguardian-api\1.1.2\apiguardian-api-1.1.2.jar;D:\BaiduNetdiskDownload\apache-maven-3.8.2\mvn_repository\org\junit\jupiter\junit-jupiter-params\5.8.1\junit-jupiter-params-5.8.1.jar;D:\BaiduNetdiskDownload\apache-maven-3.8.2\mvn_repository\org\junit\jupiter\junit-jupiter-engine\5.8.1\junit-jupiter-engine-5.8.1.jar;D:\BaiduNetdiskDownload\apache-maven-3.8.2\mvn_repository\org\junit\platform\junit-platform-engine\1.8.1\junit-platform-engine-1.8.1.jar;D:\BaiduNetdiskDownload\apache-maven-3.8.2\mvn_repository\org\mockito\mockito-core\4.0.0\mockito-core-4.0.0.jar;D:\BaiduNetdiskDownload\apache-maven-3.8.2\mvn_repository\net\bytebuddy\byte-buddy\1.11.22\byte-buddy-1.11.22.jar;D:\BaiduNetdiskDownload\apache-maven-3.8.2\mvn_repository\net\bytebuddy\byte-buddy-agent\1.11.22\byte-buddy-agent-1.11.22.jar;D:\BaiduNetdiskDownload\apache-maven-3.8.2\mvn_repository\org\objenesis\objenesis\3.2\objenesis-3.2.jar;D:\BaiduNetdiskDownload\apache-maven-3.8.2\mvn_repository\org\mockito\mockito-junit-jupiter\4.0.0\mockito-junit-jupiter-4.0.0.jar;D:\BaiduNetdiskDownload\apache-maven-3.8.2\mvn_repository\org\skyscreamer\jsonassert\1.5.0\jsonassert-1.5.0.jar;D:\BaiduNetdiskDownload\apache-maven-3.8.2\mvn_repository\com\vaadin\external\google\android-json\0.0.20131108.vaadin1\android-json-0.0.20131108.vaadin1.jar;D:\BaiduNetdiskDownload\apache-maven-3.8.2\mvn_repository\org\springframework\spring-core\5.3.13\spring-core-5.3.13.jar;D:\BaiduNetdiskDownload\apache-maven-3.8.2\mvn_repository\org\springframework\spring-jcl\5.3.13\spring-jcl-5.3.13.jar;D:\BaiduNetdiskDownload\apache-maven-3.8.2\mvn_repository\org\springframework\spring-test\5.3.13\spring-test-5.3.13.jar;D:\BaiduNetdiskDownload\apache-maven-3.8.2\mvn_repository\org\xmlunit\xmlunit-core\2.8.3\xmlunit-core-2.8.3.jar;"/>
    <property name="sun.cpu.endian" value="little"/>
    <property name="user.home" value="C:\Users\13120"/>
    <property name="user.language" value="zh"/>
    <property name="java.specification.vendor" value="Oracle Corporation"/>
    <property name="java.version.date" value="2020-07-14"/>
    <property name="java.home" value="D:\Software\IDEA\JDK"/>
    <property name="file.separator" value="\"/>
    <property name="basedir" value="D:\Software\IDEA\workspace\springboot\demo02"/>
    <property name="java.vm.compressedOopsMode" value="32-bit"/>
    <property name="line.separator" value="&#10;"/>
    <property name="java.vm.specification.vendor" value="Oracle Corporation"/>
    <property name="java.specification.name" value="Java Platform API Specification"/>
    <property name="surefire.real.class.path" value="C:\Users\13120\AppData\Local\Temp\surefire6286331675049979571\surefirebooter7489343824314469491.jar"/>
    <property name="user.script" value=""/>
    <property name="sun.management.compiler" value="HotSpot 64-Bit Tiered Compilers"/>
    <property name="java.runtime.version" value="14.0.2+12-46"/>
    <property name="user.name" value="13120"/>
    <property name="path.separator" value=";"/>
    <property name="os.version" value="10.0"/>
    <property name="java.runtime.name" value="OpenJDK Runtime Environment"/>
    <property name="file.encoding" value="GBK"/>
    <property name="java.vm.name" value="OpenJDK 64-Bit Server VM"/>
    <property name="localRepository" value="D:\BaiduNetdiskDownload\apache-maven-3.8.2\mvn_repository"/>
    <property name="java.vendor.url.bug" value="https://bugreport.java.com/bugreport/"/>
    <property name="java.io.tmpdir" value="C:\Users\13120\AppData\Local\Temp\"/>
    <property name="idea.version" value="2021.1.3"/>
    <property name="java.version" value="14.0.2"/>
    <property name="user.dir" value="D:\Software\IDEA\workspace\springboot\demo02"/>
    <property name="os.arch" value="amd64"/>
    <property name="java.vm.specification.name" value="Java Virtual Machine Specification"/>
    <property name="sun.os.patch.level" value=""/>
    <property name="java.library.path" value="D:\Software\IDEA\JDK\bin;C:\WINDOWS\Sun\Java\bin;C:\WINDOWS\system32;C:\WINDOWS;D:\Software\Anconda\condabin;C:\Windows\system32;C:\Windows;C:\Windows\System32\Wbem;C:\Windows\System32\WindowsPowerShell\v1.0\;C:\Windows\System32\OpenSSH\;D:\Software\MinGW\bin;D:\Software\Anconda;D:\Software\Anconda\Scripts;D:\Software\Anconda\Library\bin;D:\Software\Git\cmd;C:\Program Files\Docker\Docker\resources\bin;C:\ProgramData\DockerDesktop\version-bin;C:\Program Files (x86)\NVIDIA Corporation\PhysX\Common;C:\WINDOWS\system32;C:\WINDOWS;C:\WINDOWS\System32\Wbem;C:\WINDOWS\System32\WindowsPowerShell\v1.0\;C:\WINDOWS\System32\OpenSSH\;D:\Software\MiKTex\miktex\bin\x64\;D:\Software\texlive\2021\bin\win32;D:\Software\MySQL\bin;D:\Software\IDEA\JDK\bin\;D:\BaiduNetdiskDownload\apache-maven-3.8.2\bin;C:\Program Files\dotnet\;D:\BaiduNetdiskDownload\gradle-7.3\bin;C:\Users\13120\AppData\Local\Microsoft\WindowsApps;D:\Software\Microsoft VS Code\bin;D:\Software\GoLand 2020.2.3\bin;;D:\Software\IDEA\IntelliJ IDEA 2021.1\bin;;C:\Users\13120\AppData\Local\GitHubDesktop\bin;D:\Software\texlive\2021\bin\win32;."/>
    <property name="java.vm.info" value="mixed mode, sharing"/>
    <property name="java.vendor" value="Oracle Corporation"/>
    <property name="java.vm.version" value="14.0.2+12-46"/>
    <property name="sun.io.unicode.encoding" value="UnicodeLittle"/>
    <property name="maven.repo.local" value="D:\BaiduNetdiskDownload\apache-maven-3.8.2\mvn_repository"/>
    <property name="java.class.version" value="58.0"/>
  </properties>
  <testcase name="contextLoads" classname="com.example.demo02.Demo02ApplicationTests" time="1.568"/>
</testsuite>